make --dry-run --keep-going --print-directory
make: Entering directory '/media/psf/Home/MyTec/gitrepos/blogs/code/linuxcode/tlpi/tlpi-clionp/tlpi-dist'
echo BUILD_DIRS are : lib acl altio cap daemons dirs_links filebuff fileio filelock files filesys getopt inotify loginacct memalloc mmap pgsjc pipes pmsg proc proccred procexec procpri procres progconc psem pshm pty shlibs signals sockets svipc svmsg svsem svshm sysinfo syslim threads time timers tty users_groups vdso vmem xattr
for dir in lib acl altio cap daemons dirs_links filebuff fileio filelock files filesys getopt inotify loginacct memalloc mmap pgsjc pipes pmsg proc proccred procexec procpri procres progconc psem pshm pty shlibs signals sockets svipc svmsg svsem svshm sysinfo syslim threads time timers tty users_groups vdso vmem xattr; do (cd ${dir}; make) ; \
	if test $? -ne 0; then break; fi; done
 
make[1]: Entering directory '/media/psf/Home/MyTec/gitrepos/blogs/code/linuxcode/tlpi/tlpi-clionp/tlpi-dist/lib'
cc -std=c99 -D_XOPEN_SOURCE=600 -D_DEFAULT_SOURCE -g -I../lib -pedantic -Wall -W -Wmissing-prototypes -Wno-sign-compare -Wimplicit-fallthrough -Wno-unused-parameter   -c -o binary_sems.o binary_sems.c
 
cc -std=c99 -D_XOPEN_SOURCE=600 -D_DEFAULT_SOURCE -g -I../lib -pedantic -Wall -W -Wmissing-prototypes -Wno-sign-compare -Wimplicit-fallthrough -Wno-unused-parameter   -c -o cap_functions.o cap_functions.c
 
cc -std=c99 -D_XOPEN_SOURCE=600 -D_DEFAULT_SOURCE -g -I../lib -pedantic -Wall -W -Wmissing-prototypes -Wno-sign-compare -Wimplicit-fallthrough -Wno-unused-parameter   -c -o create_pid_file.o create_pid_file.c
 
cc -std=c99 -D_XOPEN_SOURCE=600 -D_DEFAULT_SOURCE -g -I../lib -pedantic -Wall -W -Wmissing-prototypes -Wno-sign-compare -Wimplicit-fallthrough -Wno-unused-parameter   -c -o curr_time.o curr_time.c
 
echo target : ename.c.inc is building
 
sh Build_ename.sh > ename.c.inc
echo 1>&2 "ename.c.inc built"
echo target : ename.c.inc has been built
cc -std=c99 -D_XOPEN_SOURCE=600 -D_DEFAULT_SOURCE -g -I../lib -pedantic -Wall -W -Wmissing-prototypes -Wno-sign-compare -Wimplicit-fallthrough -Wno-unused-parameter   -c -o error_functions.o error_functions.c
 
cc -std=c99 -D_XOPEN_SOURCE=600 -D_DEFAULT_SOURCE -g -I../lib -pedantic -Wall -W -Wmissing-prototypes -Wno-sign-compare -Wimplicit-fallthrough -Wno-unused-parameter   -c -o event_flags.o event_flags.c
 
cc -std=c99 -D_XOPEN_SOURCE=600 -D_DEFAULT_SOURCE -g -I../lib -pedantic -Wall -W -Wmissing-prototypes -Wno-sign-compare -Wimplicit-fallthrough -Wno-unused-parameter   -c -o file_perms.o file_perms.c
 
cc -std=c99 -D_XOPEN_SOURCE=600 -D_DEFAULT_SOURCE -g -I../lib -pedantic -Wall -W -Wmissing-prototypes -Wno-sign-compare -Wimplicit-fallthrough -Wno-unused-parameter   -c -o get_num.o get_num.c
 
cc -std=c99 -D_XOPEN_SOURCE=600 -D_DEFAULT_SOURCE -g -I../lib -pedantic -Wall -W -Wmissing-prototypes -Wno-sign-compare -Wimplicit-fallthrough -Wno-unused-parameter   -c -o inet_sockets.o inet_sockets.c
 
cc -std=c99 -D_XOPEN_SOURCE=600 -D_DEFAULT_SOURCE -g -I../lib -pedantic -Wall -W -Wmissing-prototypes -Wno-sign-compare -Wimplicit-fallthrough -Wno-unused-parameter   -c -o itimerspec_from_str.o itimerspec_from_str.c
 
cc -std=c99 -D_XOPEN_SOURCE=600 -D_DEFAULT_SOURCE -g -I../lib -pedantic -Wall -W -Wmissing-prototypes -Wno-sign-compare -Wimplicit-fallthrough -Wno-unused-parameter   -c -o print_rlimit.o print_rlimit.c
 
cc -std=c99 -D_XOPEN_SOURCE=600 -D_DEFAULT_SOURCE -g -I../lib -pedantic -Wall -W -Wmissing-prototypes -Wno-sign-compare -Wimplicit-fallthrough -Wno-unused-parameter   -c -o print_rusage.o print_rusage.c
 
cc -std=c99 -D_XOPEN_SOURCE=600 -D_DEFAULT_SOURCE -g -I../lib -pedantic -Wall -W -Wmissing-prototypes -Wno-sign-compare -Wimplicit-fallthrough -Wno-unused-parameter   -c -o print_wait_status.o print_wait_status.c
 
cc -std=c99 -D_XOPEN_SOURCE=600 -D_DEFAULT_SOURCE -g -I../lib -pedantic -Wall -W -Wmissing-prototypes -Wno-sign-compare -Wimplicit-fallthrough -Wno-unused-parameter   -c -o pty_fork.o pty_fork.c
 
cc -std=c99 -D_XOPEN_SOURCE=600 -D_DEFAULT_SOURCE -g -I../lib -pedantic -Wall -W -Wmissing-prototypes -Wno-sign-compare -Wimplicit-fallthrough -Wno-unused-parameter   -c -o pty_master_open.o pty_master_open.c
 
cc -std=c99 -D_XOPEN_SOURCE=600 -D_DEFAULT_SOURCE -g -I../lib -pedantic -Wall -W -Wmissing-prototypes -Wno-sign-compare -Wimplicit-fallthrough -Wno-unused-parameter   -c -o rdwrn.o rdwrn.c
 
cc -std=c99 -D_XOPEN_SOURCE=600 -D_DEFAULT_SOURCE -g -I../lib -pedantic -Wall -W -Wmissing-prototypes -Wno-sign-compare -Wimplicit-fallthrough -Wno-unused-parameter   -c -o read_line.o read_line.c
 
cc -std=c99 -D_XOPEN_SOURCE=600 -D_DEFAULT_SOURCE -g -I../lib -pedantic -Wall -W -Wmissing-prototypes -Wno-sign-compare -Wimplicit-fallthrough -Wno-unused-parameter   -c -o read_line_buf.o read_line_buf.c
 
cc -std=c99 -D_XOPEN_SOURCE=600 -D_DEFAULT_SOURCE -g -I../lib -pedantic -Wall -W -Wmissing-prototypes -Wno-sign-compare -Wimplicit-fallthrough -Wno-unused-parameter   -c -o region_locking.o region_locking.c
 
cc -std=c99 -D_XOPEN_SOURCE=600 -D_DEFAULT_SOURCE -g -I../lib -pedantic -Wall -W -Wmissing-prototypes -Wno-sign-compare -Wimplicit-fallthrough -Wno-unused-parameter   -c -o scm_functions.o scm_functions.c
 
cc -std=c99 -D_XOPEN_SOURCE=600 -D_DEFAULT_SOURCE -g -I../lib -pedantic -Wall -W -Wmissing-prototypes -Wno-sign-compare -Wimplicit-fallthrough -Wno-unused-parameter   -c -o signal.o signal.c
 
cc -std=c99 -D_XOPEN_SOURCE=600 -D_DEFAULT_SOURCE -g -I../lib -pedantic -Wall -W -Wmissing-prototypes -Wno-sign-compare -Wimplicit-fallthrough -Wno-unused-parameter   -c -o signal_functions.o signal_functions.c
 
cc -std=c99 -D_XOPEN_SOURCE=600 -D_DEFAULT_SOURCE -g -I../lib -pedantic -Wall -W -Wmissing-prototypes -Wno-sign-compare -Wimplicit-fallthrough -Wno-unused-parameter   -c -o tty_functions.o tty_functions.c
 
cc -std=c99 -D_XOPEN_SOURCE=600 -D_DEFAULT_SOURCE -g -I../lib -pedantic -Wall -W -Wmissing-prototypes -Wno-sign-compare -Wimplicit-fallthrough -Wno-unused-parameter   -c -o ugid_functions.o ugid_functions.c
 
cc -std=c99 -D_XOPEN_SOURCE=600 -D_DEFAULT_SOURCE -g -I../lib -pedantic -Wall -W -Wmissing-prototypes -Wno-sign-compare -Wimplicit-fallthrough -Wno-unused-parameter   -c -o unix_sockets.o unix_sockets.c
 
cc -std=c99 -D_XOPEN_SOURCE=600 -D_DEFAULT_SOURCE -g -I../lib -pedantic -Wall -W -Wmissing-prototypes -Wno-sign-compare -Wimplicit-fallthrough -Wno-unused-parameter   -c -o userns_functions.o userns_functions.c
 
echo lib/makefile target tlpi_lib is building
echo target is ../libtlpi.a
echo dependencies  are alt_functions.o become_daemon.o binary_sems.o cap_functions.o create_pid_file.o curr_time.o error_functions.o event_flags.o file_perms.o get_num.o inet_sockets.o itimerspec_from_str.o print_rlimit.o print_rusage.o print_wait_status.o pty_fork.o pty_master_open.o rdwrn.o read_line.o read_line_buf.o region_locking.o scm_functions.o signal.o signal_functions.o tty_functions.o ugid_functions.o unix_sockets.o userns_functions.o
rm -f ../libtlpi.a
ar rs ../libtlpi.a *.o
echo lib/makefile target: all is building
make[1]: Leaving directory '/media/psf/Home/MyTec/gitrepos/blogs/code/linuxcode/tlpi/tlpi-clionp/tlpi-dist/lib'
 
make[1]: Entering directory '/media/psf/Home/MyTec/gitrepos/blogs/code/linuxcode/tlpi/tlpi-clionp/tlpi-dist/acl'
 
make[1]: *** No rule to make target '../libtlpi.a', needed by 'acl_update'.

make[1]: Leaving directory '/media/psf/Home/MyTec/gitrepos/blogs/code/linuxcode/tlpi/tlpi-clionp/tlpi-dist/acl'
 
make: Leaving directory '/media/psf/Home/MyTec/gitrepos/blogs/code/linuxcode/tlpi/tlpi-clionp/tlpi-dist'
 
