The system is: Linux - 5.11.12-300.fc34.aarch64 - aarch64
Compiling the C compiler identification source file "CMakeCCompilerId.c" succeeded.
Compiler: /usr/bin/aarch64-redhat-linux-gcc 
Build flags: 
Id flags:  

The output was:
0


Compilation of the C compiler identification source "CMakeCCompilerId.c" produced "a.out"

The C compiler identification is GNU, found in "/media/psf/Home/MyTec/gitrepos/tlpi/my_code/build/CMakeFiles/3.20.5/CompilerIdC/a.out"

Detecting C compiler ABI info compiled with the following output:
Change Dir: /media/psf/Home/MyTec/gitrepos/tlpi/my_code/build/CMakeFiles/CMakeTmp

Run Build Command(s):/usr/bin/gmake -f Makefile cmTC_d464f/fast && /usr/bin/gmake  -f CMakeFiles/cmTC_d464f.dir/build.make CMakeFiles/cmTC_d464f.dir/build
gmake[1]: Entering directory '/media/psf/Home/MyTec/gitrepos/tlpi/my_code/build/CMakeFiles/CMakeTmp'
Building C object CMakeFiles/cmTC_d464f.dir/CMakeCCompilerABI.c.o
/usr/bin/aarch64-redhat-linux-gcc   -v -o CMakeFiles/cmTC_d464f.dir/CMakeCCompilerABI.c.o -c /usr/share/cmake/Modules/CMakeCCompilerABI.c
Using built-in specs.
COLLECT_GCC=/usr/bin/aarch64-redhat-linux-gcc
Target: aarch64-redhat-linux
Configured with: ../configure --enable-bootstrap --enable-languages=c,c++,fortran,objc,obj-c++,ada,go,lto --prefix=/usr --mandir=/usr/share/man --infodir=/usr/share/info --with-bugurl=http://bugzilla.redhat.com/bugzilla --enable-shared --enable-threads=posix --enable-checking=release --enable-multilib --with-system-zlib --enable-__cxa_atexit --disable-libunwind-exceptions --enable-gnu-unique-object --enable-linker-build-id --with-gcc-major-version-only --with-linker-hash-style=gnu --enable-plugin --enable-initfini-array --with-isl=/builddir/build/BUILD/gcc-11.3.1-20220421/obj-aarch64-redhat-linux/isl-install --enable-gnu-indirect-function --build=aarch64-redhat-linux
Thread model: posix
Supported LTO compression algorithms: zlib zstd
gcc version 11.3.1 20220421 (Red Hat 11.3.1-2) (GCC) 
COLLECT_GCC_OPTIONS='-v' '-o' 'CMakeFiles/cmTC_d464f.dir/CMakeCCompilerABI.c.o' '-c' '-mlittle-endian' '-mabi=lp64' '-dumpdir' 'CMakeFiles/cmTC_d464f.dir/'
 /usr/libexec/gcc/aarch64-redhat-linux/11/cc1 -quiet -v /usr/share/cmake/Modules/CMakeCCompilerABI.c -quiet -dumpdir CMakeFiles/cmTC_d464f.dir/ -dumpbase CMakeCCompilerABI.c.c -dumpbase-ext .c -mlittle-endian -mabi=lp64 -version -o /tmp/ccNSM0vZ.s
GNU C17 (GCC) version 11.3.1 20220421 (Red Hat 11.3.1-2) (aarch64-redhat-linux)
	compiled by GNU C version 11.3.1 20220421 (Red Hat 11.3.1-2), GMP version 6.2.0, MPFR version 4.1.0-p13, MPC version 1.2.1, isl version isl-0.18-GMP

GGC heuristics: --param ggc-min-expand=100 --param ggc-min-heapsize=131072
ignoring nonexistent directory "/usr/lib/gcc/aarch64-redhat-linux/11/include-fixed"
ignoring nonexistent directory "/usr/lib/gcc/aarch64-redhat-linux/11/../../../../aarch64-redhat-linux/include"
#include "..." search starts here:
#include <...> search starts here:
 /usr/lib/gcc/aarch64-redhat-linux/11/include
 /usr/local/include
 /usr/include
End of search list.
GNU C17 (GCC) version 11.3.1 20220421 (Red Hat 11.3.1-2) (aarch64-redhat-linux)
	compiled by GNU C version 11.3.1 20220421 (Red Hat 11.3.1-2), GMP version 6.2.0, MPFR version 4.1.0-p13, MPC version 1.2.1, isl version isl-0.18-GMP

GGC heuristics: --param ggc-min-expand=100 --param ggc-min-heapsize=131072
Compiler executable checksum: f01789991c3711a44571321b7eca63ca
COLLECT_GCC_OPTIONS='-v' '-o' 'CMakeFiles/cmTC_d464f.dir/CMakeCCompilerABI.c.o' '-c' '-mlittle-endian' '-mabi=lp64' '-dumpdir' 'CMakeFiles/cmTC_d464f.dir/'
 as -v -EL -mabi=lp64 -o CMakeFiles/cmTC_d464f.dir/CMakeCCompilerABI.c.o /tmp/ccNSM0vZ.s
GNU assembler version 2.35.2 (aarch64-redhat-linux) using BFD version version 2.35.2-6.fc34
COMPILER_PATH=/usr/libexec/gcc/aarch64-redhat-linux/11/:/usr/libexec/gcc/aarch64-redhat-linux/11/:/usr/libexec/gcc/aarch64-redhat-linux/:/usr/lib/gcc/aarch64-redhat-linux/11/:/usr/lib/gcc/aarch64-redhat-linux/
LIBRARY_PATH=/usr/lib/gcc/aarch64-redhat-linux/11/:/usr/lib/gcc/aarch64-redhat-linux/11/../../../../lib64/:/lib/../lib64/:/usr/lib/../lib64/:/usr/lib/gcc/aarch64-redhat-linux/11/../../../:/lib/:/usr/lib/
COLLECT_GCC_OPTIONS='-v' '-o' 'CMakeFiles/cmTC_d464f.dir/CMakeCCompilerABI.c.o' '-c' '-mlittle-endian' '-mabi=lp64' '-dumpdir' 'CMakeFiles/cmTC_d464f.dir/CMakeCCompilerABI.c.'
Linking C executable cmTC_d464f
/usr/bin/cmake -E cmake_link_script CMakeFiles/cmTC_d464f.dir/link.txt --verbose=1
/usr/bin/aarch64-redhat-linux-gcc  -v CMakeFiles/cmTC_d464f.dir/CMakeCCompilerABI.c.o -o cmTC_d464f 
Using built-in specs.
COLLECT_GCC=/usr/bin/aarch64-redhat-linux-gcc
COLLECT_LTO_WRAPPER=/usr/libexec/gcc/aarch64-redhat-linux/11/lto-wrapper
Target: aarch64-redhat-linux
Configured with: ../configure --enable-bootstrap --enable-languages=c,c++,fortran,objc,obj-c++,ada,go,lto --prefix=/usr --mandir=/usr/share/man --infodir=/usr/share/info --with-bugurl=http://bugzilla.redhat.com/bugzilla --enable-shared --enable-threads=posix --enable-checking=release --enable-multilib --with-system-zlib --enable-__cxa_atexit --disable-libunwind-exceptions --enable-gnu-unique-object --enable-linker-build-id --with-gcc-major-version-only --with-linker-hash-style=gnu --enable-plugin --enable-initfini-array --with-isl=/builddir/build/BUILD/gcc-11.3.1-20220421/obj-aarch64-redhat-linux/isl-install --enable-gnu-indirect-function --build=aarch64-redhat-linux
Thread model: posix
Supported LTO compression algorithms: zlib zstd
gcc version 11.3.1 20220421 (Red Hat 11.3.1-2) (GCC) 
COMPILER_PATH=/usr/libexec/gcc/aarch64-redhat-linux/11/:/usr/libexec/gcc/aarch64-redhat-linux/11/:/usr/libexec/gcc/aarch64-redhat-linux/:/usr/lib/gcc/aarch64-redhat-linux/11/:/usr/lib/gcc/aarch64-redhat-linux/
LIBRARY_PATH=/usr/lib/gcc/aarch64-redhat-linux/11/:/usr/lib/gcc/aarch64-redhat-linux/11/../../../../lib64/:/lib/../lib64/:/usr/lib/../lib64/:/usr/lib/gcc/aarch64-redhat-linux/11/../../../:/lib/:/usr/lib/
COLLECT_GCC_OPTIONS='-v' '-o' 'cmTC_d464f' '-mlittle-endian' '-mabi=lp64' '-dumpdir' 'cmTC_d464f.'
 /usr/libexec/gcc/aarch64-redhat-linux/11/collect2 -plugin /usr/libexec/gcc/aarch64-redhat-linux/11/liblto_plugin.so -plugin-opt=/usr/libexec/gcc/aarch64-redhat-linux/11/lto-wrapper -plugin-opt=-fresolution=/tmp/ccivLuy7.res -plugin-opt=-pass-through=-lgcc -plugin-opt=-pass-through=-lgcc_s -plugin-opt=-pass-through=-lc -plugin-opt=-pass-through=-lgcc -plugin-opt=-pass-through=-lgcc_s --build-id --no-add-needed --eh-frame-hdr --hash-style=gnu -dynamic-linker /lib/ld-linux-aarch64.so.1 -X -EL -maarch64linux -o cmTC_d464f /usr/lib/gcc/aarch64-redhat-linux/11/../../../../lib64/crt1.o /usr/lib/gcc/aarch64-redhat-linux/11/../../../../lib64/crti.o /usr/lib/gcc/aarch64-redhat-linux/11/crtbegin.o -L/usr/lib/gcc/aarch64-redhat-linux/11 -L/usr/lib/gcc/aarch64-redhat-linux/11/../../../../lib64 -L/lib/../lib64 -L/usr/lib/../lib64 -L/usr/lib/gcc/aarch64-redhat-linux/11/../../.. CMakeFiles/cmTC_d464f.dir/CMakeCCompilerABI.c.o -lgcc --push-state --as-needed -lgcc_s --pop-state -lc -lgcc --push-state --as-needed -lgcc_s --pop-state /usr/lib/gcc/aarch64-redhat-linux/11/crtend.o /usr/lib/gcc/aarch64-redhat-linux/11/../../../../lib64/crtn.o
COLLECT_GCC_OPTIONS='-v' '-o' 'cmTC_d464f' '-mlittle-endian' '-mabi=lp64' '-dumpdir' 'cmTC_d464f.'
gmake[1]: Leaving directory '/media/psf/Home/MyTec/gitrepos/tlpi/my_code/build/CMakeFiles/CMakeTmp'



Parsed C implicit include dir info from above output: rv=done
  found start of include info
  found start of implicit include info
    add: [/usr/lib/gcc/aarch64-redhat-linux/11/include]
    add: [/usr/local/include]
    add: [/usr/include]
  end of search list found
  collapse include dir [/usr/lib/gcc/aarch64-redhat-linux/11/include] ==> [/usr/lib/gcc/aarch64-redhat-linux/11/include]
  collapse include dir [/usr/local/include] ==> [/usr/local/include]
  collapse include dir [/usr/include] ==> [/usr/include]
  implicit include dirs: [/usr/lib/gcc/aarch64-redhat-linux/11/include;/usr/local/include;/usr/include]


Parsed C implicit link information from above output:
  link line regex: [^( *|.*[/\])(ld|CMAKE_LINK_STARTFILE-NOTFOUND|([^/\]+-)?ld|collect2)[^/\]*( |$)]
  ignore line: [Change Dir: /media/psf/Home/MyTec/gitrepos/tlpi/my_code/build/CMakeFiles/CMakeTmp]
  ignore line: []
  ignore line: [Run Build Command(s):/usr/bin/gmake -f Makefile cmTC_d464f/fast && /usr/bin/gmake  -f CMakeFiles/cmTC_d464f.dir/build.make CMakeFiles/cmTC_d464f.dir/build]
  ignore line: [gmake[1]: Entering directory '/media/psf/Home/MyTec/gitrepos/tlpi/my_code/build/CMakeFiles/CMakeTmp']
  ignore line: [Building C object CMakeFiles/cmTC_d464f.dir/CMakeCCompilerABI.c.o]
  ignore line: [/usr/bin/aarch64-redhat-linux-gcc   -v -o CMakeFiles/cmTC_d464f.dir/CMakeCCompilerABI.c.o -c /usr/share/cmake/Modules/CMakeCCompilerABI.c]
  ignore line: [Using built-in specs.]
  ignore line: [COLLECT_GCC=/usr/bin/aarch64-redhat-linux-gcc]
  ignore line: [Target: aarch64-redhat-linux]
  ignore line: [Configured with: ../configure --enable-bootstrap --enable-languages=c c++ fortran objc obj-c++ ada go lto --prefix=/usr --mandir=/usr/share/man --infodir=/usr/share/info --with-bugurl=http://bugzilla.redhat.com/bugzilla --enable-shared --enable-threads=posix --enable-checking=release --enable-multilib --with-system-zlib --enable-__cxa_atexit --disable-libunwind-exceptions --enable-gnu-unique-object --enable-linker-build-id --with-gcc-major-version-only --with-linker-hash-style=gnu --enable-plugin --enable-initfini-array --with-isl=/builddir/build/BUILD/gcc-11.3.1-20220421/obj-aarch64-redhat-linux/isl-install --enable-gnu-indirect-function --build=aarch64-redhat-linux]
  ignore line: [Thread model: posix]
  ignore line: [Supported LTO compression algorithms: zlib zstd]
  ignore line: [gcc version 11.3.1 20220421 (Red Hat 11.3.1-2) (GCC) ]
  ignore line: [COLLECT_GCC_OPTIONS='-v' '-o' 'CMakeFiles/cmTC_d464f.dir/CMakeCCompilerABI.c.o' '-c' '-mlittle-endian' '-mabi=lp64' '-dumpdir' 'CMakeFiles/cmTC_d464f.dir/']
  ignore line: [ /usr/libexec/gcc/aarch64-redhat-linux/11/cc1 -quiet -v /usr/share/cmake/Modules/CMakeCCompilerABI.c -quiet -dumpdir CMakeFiles/cmTC_d464f.dir/ -dumpbase CMakeCCompilerABI.c.c -dumpbase-ext .c -mlittle-endian -mabi=lp64 -version -o /tmp/ccNSM0vZ.s]
  ignore line: [GNU C17 (GCC) version 11.3.1 20220421 (Red Hat 11.3.1-2) (aarch64-redhat-linux)]
  ignore line: [	compiled by GNU C version 11.3.1 20220421 (Red Hat 11.3.1-2)  GMP version 6.2.0  MPFR version 4.1.0-p13  MPC version 1.2.1  isl version isl-0.18-GMP]
  ignore line: []
  ignore line: [GGC heuristics: --param ggc-min-expand=100 --param ggc-min-heapsize=131072]
  ignore line: [ignoring nonexistent directory "/usr/lib/gcc/aarch64-redhat-linux/11/include-fixed"]
  ignore line: [ignoring nonexistent directory "/usr/lib/gcc/aarch64-redhat-linux/11/../../../../aarch64-redhat-linux/include"]
  ignore line: [#include "..." search starts here:]
  ignore line: [#include <...> search starts here:]
  ignore line: [ /usr/lib/gcc/aarch64-redhat-linux/11/include]
  ignore line: [ /usr/local/include]
  ignore line: [ /usr/include]
  ignore line: [End of search list.]
  ignore line: [GNU C17 (GCC) version 11.3.1 20220421 (Red Hat 11.3.1-2) (aarch64-redhat-linux)]
  ignore line: [	compiled by GNU C version 11.3.1 20220421 (Red Hat 11.3.1-2)  GMP version 6.2.0  MPFR version 4.1.0-p13  MPC version 1.2.1  isl version isl-0.18-GMP]
  ignore line: []
  ignore line: [GGC heuristics: --param ggc-min-expand=100 --param ggc-min-heapsize=131072]
  ignore line: [Compiler executable checksum: f01789991c3711a44571321b7eca63ca]
  ignore line: [COLLECT_GCC_OPTIONS='-v' '-o' 'CMakeFiles/cmTC_d464f.dir/CMakeCCompilerABI.c.o' '-c' '-mlittle-endian' '-mabi=lp64' '-dumpdir' 'CMakeFiles/cmTC_d464f.dir/']
  ignore line: [ as -v -EL -mabi=lp64 -o CMakeFiles/cmTC_d464f.dir/CMakeCCompilerABI.c.o /tmp/ccNSM0vZ.s]
  ignore line: [GNU assembler version 2.35.2 (aarch64-redhat-linux) using BFD version version 2.35.2-6.fc34]
  ignore line: [COMPILER_PATH=/usr/libexec/gcc/aarch64-redhat-linux/11/:/usr/libexec/gcc/aarch64-redhat-linux/11/:/usr/libexec/gcc/aarch64-redhat-linux/:/usr/lib/gcc/aarch64-redhat-linux/11/:/usr/lib/gcc/aarch64-redhat-linux/]
  ignore line: [LIBRARY_PATH=/usr/lib/gcc/aarch64-redhat-linux/11/:/usr/lib/gcc/aarch64-redhat-linux/11/../../../../lib64/:/lib/../lib64/:/usr/lib/../lib64/:/usr/lib/gcc/aarch64-redhat-linux/11/../../../:/lib/:/usr/lib/]
  ignore line: [COLLECT_GCC_OPTIONS='-v' '-o' 'CMakeFiles/cmTC_d464f.dir/CMakeCCompilerABI.c.o' '-c' '-mlittle-endian' '-mabi=lp64' '-dumpdir' 'CMakeFiles/cmTC_d464f.dir/CMakeCCompilerABI.c.']
  ignore line: [Linking C executable cmTC_d464f]
  ignore line: [/usr/bin/cmake -E cmake_link_script CMakeFiles/cmTC_d464f.dir/link.txt --verbose=1]
  ignore line: [/usr/bin/aarch64-redhat-linux-gcc  -v CMakeFiles/cmTC_d464f.dir/CMakeCCompilerABI.c.o -o cmTC_d464f ]
  ignore line: [Using built-in specs.]
  ignore line: [COLLECT_GCC=/usr/bin/aarch64-redhat-linux-gcc]
  ignore line: [COLLECT_LTO_WRAPPER=/usr/libexec/gcc/aarch64-redhat-linux/11/lto-wrapper]
  ignore line: [Target: aarch64-redhat-linux]
  ignore line: [Configured with: ../configure --enable-bootstrap --enable-languages=c c++ fortran objc obj-c++ ada go lto --prefix=/usr --mandir=/usr/share/man --infodir=/usr/share/info --with-bugurl=http://bugzilla.redhat.com/bugzilla --enable-shared --enable-threads=posix --enable-checking=release --enable-multilib --with-system-zlib --enable-__cxa_atexit --disable-libunwind-exceptions --enable-gnu-unique-object --enable-linker-build-id --with-gcc-major-version-only --with-linker-hash-style=gnu --enable-plugin --enable-initfini-array --with-isl=/builddir/build/BUILD/gcc-11.3.1-20220421/obj-aarch64-redhat-linux/isl-install --enable-gnu-indirect-function --build=aarch64-redhat-linux]
  ignore line: [Thread model: posix]
  ignore line: [Supported LTO compression algorithms: zlib zstd]
  ignore line: [gcc version 11.3.1 20220421 (Red Hat 11.3.1-2) (GCC) ]
  ignore line: [COMPILER_PATH=/usr/libexec/gcc/aarch64-redhat-linux/11/:/usr/libexec/gcc/aarch64-redhat-linux/11/:/usr/libexec/gcc/aarch64-redhat-linux/:/usr/lib/gcc/aarch64-redhat-linux/11/:/usr/lib/gcc/aarch64-redhat-linux/]
  ignore line: [LIBRARY_PATH=/usr/lib/gcc/aarch64-redhat-linux/11/:/usr/lib/gcc/aarch64-redhat-linux/11/../../../../lib64/:/lib/../lib64/:/usr/lib/../lib64/:/usr/lib/gcc/aarch64-redhat-linux/11/../../../:/lib/:/usr/lib/]
  ignore line: [COLLECT_GCC_OPTIONS='-v' '-o' 'cmTC_d464f' '-mlittle-endian' '-mabi=lp64' '-dumpdir' 'cmTC_d464f.']
  link line: [ /usr/libexec/gcc/aarch64-redhat-linux/11/collect2 -plugin /usr/libexec/gcc/aarch64-redhat-linux/11/liblto_plugin.so -plugin-opt=/usr/libexec/gcc/aarch64-redhat-linux/11/lto-wrapper -plugin-opt=-fresolution=/tmp/ccivLuy7.res -plugin-opt=-pass-through=-lgcc -plugin-opt=-pass-through=-lgcc_s -plugin-opt=-pass-through=-lc -plugin-opt=-pass-through=-lgcc -plugin-opt=-pass-through=-lgcc_s --build-id --no-add-needed --eh-frame-hdr --hash-style=gnu -dynamic-linker /lib/ld-linux-aarch64.so.1 -X -EL -maarch64linux -o cmTC_d464f /usr/lib/gcc/aarch64-redhat-linux/11/../../../../lib64/crt1.o /usr/lib/gcc/aarch64-redhat-linux/11/../../../../lib64/crti.o /usr/lib/gcc/aarch64-redhat-linux/11/crtbegin.o -L/usr/lib/gcc/aarch64-redhat-linux/11 -L/usr/lib/gcc/aarch64-redhat-linux/11/../../../../lib64 -L/lib/../lib64 -L/usr/lib/../lib64 -L/usr/lib/gcc/aarch64-redhat-linux/11/../../.. CMakeFiles/cmTC_d464f.dir/CMakeCCompilerABI.c.o -lgcc --push-state --as-needed -lgcc_s --pop-state -lc -lgcc --push-state --as-needed -lgcc_s --pop-state /usr/lib/gcc/aarch64-redhat-linux/11/crtend.o /usr/lib/gcc/aarch64-redhat-linux/11/../../../../lib64/crtn.o]
    arg [/usr/libexec/gcc/aarch64-redhat-linux/11/collect2] ==> ignore
    arg [-plugin] ==> ignore
    arg [/usr/libexec/gcc/aarch64-redhat-linux/11/liblto_plugin.so] ==> ignore
    arg [-plugin-opt=/usr/libexec/gcc/aarch64-redhat-linux/11/lto-wrapper] ==> ignore
    arg [-plugin-opt=-fresolution=/tmp/ccivLuy7.res] ==> ignore
    arg [-plugin-opt=-pass-through=-lgcc] ==> ignore
    arg [-plugin-opt=-pass-through=-lgcc_s] ==> ignore
    arg [-plugin-opt=-pass-through=-lc] ==> ignore
    arg [-plugin-opt=-pass-through=-lgcc] ==> ignore
    arg [-plugin-opt=-pass-through=-lgcc_s] ==> ignore
    arg [--build-id] ==> ignore
    arg [--no-add-needed] ==> ignore
    arg [--eh-frame-hdr] ==> ignore
    arg [--hash-style=gnu] ==> ignore
    arg [-dynamic-linker] ==> ignore
    arg [/lib/ld-linux-aarch64.so.1] ==> ignore
    arg [-X] ==> ignore
    arg [-EL] ==> ignore
    arg [-maarch64linux] ==> ignore
    arg [-o] ==> ignore
    arg [cmTC_d464f] ==> ignore
    arg [/usr/lib/gcc/aarch64-redhat-linux/11/../../../../lib64/crt1.o] ==> obj [/usr/lib/gcc/aarch64-redhat-linux/11/../../../../lib64/crt1.o]
    arg [/usr/lib/gcc/aarch64-redhat-linux/11/../../../../lib64/crti.o] ==> obj [/usr/lib/gcc/aarch64-redhat-linux/11/../../../../lib64/crti.o]
    arg [/usr/lib/gcc/aarch64-redhat-linux/11/crtbegin.o] ==> obj [/usr/lib/gcc/aarch64-redhat-linux/11/crtbegin.o]
    arg [-L/usr/lib/gcc/aarch64-redhat-linux/11] ==> dir [/usr/lib/gcc/aarch64-redhat-linux/11]
    arg [-L/usr/lib/gcc/aarch64-redhat-linux/11/../../../../lib64] ==> dir [/usr/lib/gcc/aarch64-redhat-linux/11/../../../../lib64]
    arg [-L/lib/../lib64] ==> dir [/lib/../lib64]
    arg [-L/usr/lib/../lib64] ==> dir [/usr/lib/../lib64]
    arg [-L/usr/lib/gcc/aarch64-redhat-linux/11/../../..] ==> dir [/usr/lib/gcc/aarch64-redhat-linux/11/../../..]
    arg [CMakeFiles/cmTC_d464f.dir/CMakeCCompilerABI.c.o] ==> ignore
    arg [-lgcc] ==> lib [gcc]
    arg [--push-state] ==> ignore
    arg [--as-needed] ==> ignore
    arg [-lgcc_s] ==> lib [gcc_s]
    arg [--pop-state] ==> ignore
    arg [-lc] ==> lib [c]
    arg [-lgcc] ==> lib [gcc]
    arg [--push-state] ==> ignore
    arg [--as-needed] ==> ignore
    arg [-lgcc_s] ==> lib [gcc_s]
    arg [--pop-state] ==> ignore
    arg [/usr/lib/gcc/aarch64-redhat-linux/11/crtend.o] ==> obj [/usr/lib/gcc/aarch64-redhat-linux/11/crtend.o]
    arg [/usr/lib/gcc/aarch64-redhat-linux/11/../../../../lib64/crtn.o] ==> obj [/usr/lib/gcc/aarch64-redhat-linux/11/../../../../lib64/crtn.o]
  collapse obj [/usr/lib/gcc/aarch64-redhat-linux/11/../../../../lib64/crt1.o] ==> [/usr/lib64/crt1.o]
  collapse obj [/usr/lib/gcc/aarch64-redhat-linux/11/../../../../lib64/crti.o] ==> [/usr/lib64/crti.o]
  collapse obj [/usr/lib/gcc/aarch64-redhat-linux/11/../../../../lib64/crtn.o] ==> [/usr/lib64/crtn.o]
  collapse library dir [/usr/lib/gcc/aarch64-redhat-linux/11] ==> [/usr/lib/gcc/aarch64-redhat-linux/11]
  collapse library dir [/usr/lib/gcc/aarch64-redhat-linux/11/../../../../lib64] ==> [/usr/lib64]
  collapse library dir [/lib/../lib64] ==> [/lib64]
  collapse library dir [/usr/lib/../lib64] ==> [/usr/lib64]
  collapse library dir [/usr/lib/gcc/aarch64-redhat-linux/11/../../..] ==> [/usr/lib]
  implicit libs: [gcc;gcc_s;c;gcc;gcc_s]
  implicit objs: [/usr/lib64/crt1.o;/usr/lib64/crti.o;/usr/lib/gcc/aarch64-redhat-linux/11/crtbegin.o;/usr/lib/gcc/aarch64-redhat-linux/11/crtend.o;/usr/lib64/crtn.o]
  implicit dirs: [/usr/lib/gcc/aarch64-redhat-linux/11;/usr/lib64;/lib64;/usr/lib]
  implicit fwks: []


